2022/07/03 19:45:45 {"callers":["/Users/wengzhenyuan/Desktop/go_blog-service/main.go: 36 main.init.0"],"level":"info","message":"logtest: go-programming-tour-book/blog-service","time":1656848745109531000}
2022/07/20 15:53:32 {"callers":["/Users/wengzhenyuan/Desktop/go_blog-service/main.go: 35 main.init.0"],"level":"info","message":"logtest: blog-service/blog-service","time":1658303612559176000}
2022/07/20 16:55:15 {"callers":["/Users/wengzhenyuan/Desktop/go_blog-service/main.go: 35 main.init.0"],"level":"info","message":"logtest: blog-service/blog-service","time":1658307315317835000}
2022/07/20 16:55:44 {"callers":["/Users/wengzhenyuan/Desktop/go_blog-service/main.go: 35 main.init.0"],"level":"error","message":"app.BindAndValid errs: State必须是[0 1]中的一个","time":1658307344219986000}
2022/07/20 17:05:14 {"callers":["/Users/wengzhenyuan/Desktop/go_blog-service/main.go: 35 main.init.0"],"level":"info","message":"logtest: blog-service/blog-service","time":1658307914962355000}
2022/07/20 17:05:22 {"callers":["/Users/wengzhenyuan/Desktop/go_blog-service/main.go: 35 main.init.0"],"level":"error","message":"app.BindAndValid errs: State必須是[0 1]中的一個","time":1658307922105618000}
2022/07/23 16:16:47 {"callers":["/Users/wengzhenyuan/Desktop/go_blog-service/main.go: 35 main.init.0"],"level":"info","message":"logtest: blog-service/blog-service","time":1658564207596457000}
2022/07/23 16:17:49 {"callers":["/Users/wengzhenyuan/Desktop/go_blog-service/main.go: 35 main.init.0"],"level":"error","message":"app.BindAndValid errs: Name長度必須至少為3個字元","time":1658564269443416000}
2022/07/23 16:17:58 {"callers":["/Users/wengzhenyuan/Desktop/go_blog-service/main.go: 35 main.init.0"],"level":"error","message":"app.BindAndValid errs: Name長度必須至少為3個字元","time":1658564278231729000}
2022/07/23 16:18:12 {"callers":["/Users/wengzhenyuan/Desktop/go_blog-service/main.go: 35 main.init.0"],"level":"error","message":"svc.CreateTag err: Error 1146: Table 'blog_service.blog_tag' doesn't exist","time":1658564292197747000}
2022/07/23 16:24:32 {"callers":["/Users/wengzhenyuan/Desktop/go_blog-service/main.go: 35 main.init.0"],"level":"error","message":"app.BindAndValid errs: Name長度必須至少為3個字元,State為必填欄位","time":1658564672235530000}
2022/07/23 16:25:30 {"callers":["/Users/wengzhenyuan/Desktop/go_blog-service/main.go: 35 main.init.0"],"level":"error","message":"app.BindAndValid errs: Name長度必須至少為3個字元,State為必填欄位","time":1658564730398612000}
2022/07/23 16:26:14 {"callers":["/Users/wengzhenyuan/Desktop/go_blog-service/main.go: 35 main.init.0"],"level":"error","message":"app.BindAndValid errs: Name長度必須至少為3個字元,State為必填欄位","time":1658564774547687000}
2022/07/23 16:27:24 {"callers":["/Users/wengzhenyuan/Desktop/go_blog-service/main.go: 35 main.init.0"],"level":"error","message":"app.BindAndValid errs: State為必填欄位","time":1658564844091425000}
2022/07/23 16:27:31 {"callers":["/Users/wengzhenyuan/Desktop/go_blog-service/main.go: 35 main.init.0"],"level":"error","message":"app.BindAndValid errs: State為必填欄位","time":1658564851697966000}
2022/07/23 16:27:53 {"callers":["/Users/wengzhenyuan/Desktop/go_blog-service/main.go: 35 main.init.0"],"level":"error","message":"app.BindAndValid errs: State為必填欄位","time":1658564873109791000}
2022/07/23 16:31:31 {"callers":["/Users/wengzhenyuan/Desktop/go_blog-service/main.go: 35 main.init.0"],"level":"error","message":"app.BindAndValid errs: State為必填欄位","time":1658565091324962000}
2022/07/23 21:48:21 {"callers":["/Users/wengzhenyuan/Desktop/go_blog-service/main.go: 35 main.init.0"],"level":"info","message":"logtest: blog-service/blog-service","time":1658584101186791000}
2022/07/23 21:49:37 {"callers":["/Users/wengzhenyuan/Desktop/go_blog-service/main.go: 35 main.init.0"],"level":"error","message":"app.BindAndValid errs: State為必填欄位","time":1658584177530937000}
2022/07/23 21:50:05 {"callers":["/Users/wengzhenyuan/Desktop/go_blog-service/main.go: 35 main.init.0"],"level":"error","message":"app.BindAndValid errs: State為必填欄位","time":1658584205530946000}
2022/07/23 21:50:52 {"callers":["/Users/wengzhenyuan/Desktop/go_blog-service/main.go: 35 main.init.0"],"level":"info","message":"logtest: blog-service/blog-service","time":1658584252294142000}
2022/07/23 21:51:16 {"callers":["/Users/wengzhenyuan/Desktop/go_blog-service/main.go: 35 main.init.0"],"level":"error","message":"app.BindAndValid errs: State為必填欄位","time":1658584276633125000}
2022/07/23 21:52:07 {"callers":["/Users/wengzhenyuan/Desktop/go_blog-service/main.go: 35 main.init.0"],"level":"error","message":"app.BindAndValid errs: State為必填欄位,Name長度必須至少為3個字元","time":1658584327381788000}
2022/07/23 21:52:21 {"callers":["/Users/wengzhenyuan/Desktop/go_blog-service/main.go: 35 main.init.0"],"level":"error","message":"app.BindAndValid errs: State為必填欄位","time":1658584341851651000}
2022/07/23 21:54:04 {"callers":["/Users/wengzhenyuan/Desktop/go_blog-service/main.go: 35 main.init.0"],"level":"info","message":"logtest: blog-service/blog-service","time":1658584444000427000}
2022/07/31 11:22:40 {"callers":["/Users/wengzhenyuan/Desktop/go_blog-service/main.go: 35 main.init.0"],"level":"info","message":"logtest: blog-service/blog-service","time":1659237760315828000}
2022/07/31 14:33:10 {"callers":["/Users/wengzhenyuan/Desktop/go_blog-service/main.go: 35 main.init.0"],"level":"info","message":"logtest: blog-service/blog-service","time":1659249190832833000}
2022/07/31 14:36:41 {"callers":["/Users/wengzhenyuan/Desktop/go_blog-service/main.go: 35 main.init.0"],"level":"info","message":"logtest: blog-service/blog-service","time":1659249401294089000}
2022/07/31 14:47:28 {"callers":["/Users/wengzhenyuan/Desktop/go_blog-service/main.go: 35 main.init.0"],"level":"info","message":"logtest: blog-service/blog-service","time":1659250048159447000}
2022/08/08 23:25:45 {"callers":["/Users/wengzhenyuan/Desktop/go_blog-service/main.go: 35 main.init.0"],"level":"info","message":"logtest: blog-service/blog-service","time":1659972345269594000}
2022/08/08 23:26:53 {"callers":["/Users/wengzhenyuan/Desktop/go_blog-service/main.go: 35 main.init.0"],"level":"error","message":"app.BindAndValid errs: AppKey為必填欄位,AppSecret為必填欄位","time":1659972413133964000}
2022/08/08 23:40:21 {"callers":["/Users/wengzhenyuan/Desktop/go_blog-service/main.go: 35 main.init.0"],"level":"error","message":"app.BindAndValid errs: AppSecret為必填欄位,AppKey為必填欄位","time":1659973221073555000}
2022/08/08 23:41:46 {"callers":["/Users/wengzhenyuan/Desktop/go_blog-service/main.go: 35 main.init.0"],"level":"error","message":"app.BindAndValid errs: AppKey為必填欄位,AppSecret為必填欄位","time":1659973306538733000}
2022/08/08 23:42:41 {"callers":["/Users/wengzhenyuan/Desktop/go_blog-service/main.go: 35 main.init.0"],"level":"error","message":"app.BindAndValid errs: AppKey為必填欄位,AppSecret為必填欄位","time":1659973361223172000}
2022/08/08 23:53:08 {"callers":["/Users/wengzhenyuan/Desktop/go_blog-service/main.go: 35 main.init.0"],"level":"info","message":"logtest: blog-service/blog-service","time":1659973988955561000}
2022/08/09 11:10:29 {"callers":["/Users/wengzhenyuan/Desktop/go_blog-service/main.go: 35 main.init.0"],"level":"info","message":"logtest: blog-service/blog-service","time":1660014629901868000}
2022/08/09 16:33:35 {"callers":["/Users/wengzhenyuan/Desktop/go_blog-service/main.go: 35 main.init.0"],"level":"info","message":"logtest: blog-service/blog-service","time":1660034015375225000}
2022/08/11 16:21:39 {"callers":["/Users/wengzhenyuan/Desktop/go_blog-service/main.go: 35 main.init.0"],"level":"info","message":"logtest: blog-service/blog-service","time":1660206099258253000}
2022/08/11 16:40:31 {"callers":["/Users/wengzhenyuan/Desktop/go_blog-service/main.go: 35 main.init.0"],"level":"info","message":"logtest: blog-service/blog-service","time":1660207231366301000}
2022/08/20 22:36:50 {"callers":["/Users/wengzhenyuan/Desktop/go_blog-service/main.go: 35 main.init.0"],"level":"info","message":"logtest: blog-service/blog-service","time":1661006210445768000}
2022/08/20 23:04:57 {"callers":["/Users/wengzhenyuan/Desktop/go_blog-service/main.go: 35 main.init.0"],"level":"info","message":"logtest: blog-service/blog-service","time":1661007897289958000}
2022/08/20 23:29:07 {"callers":["/Users/wengzhenyuan/Desktop/go_blog-service/main.go: 35 main.init.0"],"level":"error","message":"app.BindAndValid errs: CoverImageUrl為必填欄位,CreatedBy為必填欄位,TagID為必填欄位","time":1661009347771834000}
2022/08/20 23:46:44 {"callers":["/Users/wengzhenyuan/Desktop/go_blog-service/main.go: 35 main.init.0"],"level":"error","message":"app.BindAndValid errs: TagID必須大於或等於1","time":1661010404622209000}
2022/08/20 23:47:48 {"callers":["/Users/wengzhenyuan/Desktop/go_blog-service/main.go: 35 main.init.0"],"level":"error","message":"app.BindAndValid errs: TagID必須大於或等於1","time":1661010468911488000}
2022/08/20 23:51:16 {"callers":["/Users/wengzhenyuan/Desktop/go_blog-service/main.go: 35 main.init.0"],"level":"error","message":"app.BindAndValid errs: TagID必須大於或等於1","time":1661010676434531000}
2022/08/21 00:01:44 {"callers":["/Users/wengzhenyuan/Desktop/go_blog-service/main.go: 35 main.init.0"],"level":"error","message":"app.BindAndValid errs: CreatedBy為必填欄位","time":1661011304086570000}
2022/08/21 00:03:42 {"callers":["/Users/wengzhenyuan/Desktop/go_blog-service/main.go: 35 main.init.0"],"level":"error","message":"app.BindAndValid errs: TagID為必填欄位","time":1661011422452116000}
2022/08/21 00:05:33 {"callers":["/Users/wengzhenyuan/Desktop/go_blog-service/main.go: 35 main.init.0"],"level":"error","message":"svc.DeleteArticle err: sql: converting argument $4 type: unsupported type model.Model, a struct","time":1661011533579046000}
2022/08/21 00:06:54 {"callers":["/Users/wengzhenyuan/Desktop/go_blog-service/main.go: 35 main.init.0"],"level":"error","message":"svc.DeleteArticle err: sql: converting argument $4 type: unsupported type model.Model, a struct","time":1661011614146596000}
2022/08/21 00:07:40 {"callers":["/Users/wengzhenyuan/Desktop/go_blog-service/main.go: 35 main.init.0"],"level":"error","message":"svc.DeleteArticle err: sql: converting argument $4 type: unsupported type model.Model, a struct","time":1661011660653300000}
2022/08/21 00:11:59 {"callers":["/Users/wengzhenyuan/Desktop/go_blog-service/main.go: 35 main.init.0"],"level":"info","message":"logtest: blog-service/blog-service","time":1661011919056149000}
2022/08/21 00:13:53 {"callers":["/Users/wengzhenyuan/Desktop/go_blog-service/main.go: 35 main.init.0"],"level":"error","message":"svc.DeleteArticle err: sql: converting argument $4 type: unsupported type model.Model, a struct","time":1661012033076205000}
2022/08/21 00:18:45 {"callers":["/Users/wengzhenyuan/Desktop/go_blog-service/main.go: 35 main.init.0"],"level":"error","message":"svc.DeleteArticle err: sql: converting argument $4 type: unsupported type model.Model, a struct","time":1661012325592390000}
2022/08/21 00:19:36 {"callers":["/Users/wengzhenyuan/Desktop/go_blog-service/main.go: 35 main.init.0"],"level":"error","message":"svc.DeleteArticle err: sql: converting argument $4 type: unsupported type model.Model, a struct","time":1661012376020086000}
2022/08/21 00:23:15 {"callers":["/Users/wengzhenyuan/Desktop/go_blog-service/main.go: 35 main.init.0"],"level":"error","message":"svc.DeleteArticle err: sql: converting argument $4 type: unsupported type model.Model, a struct","time":1661012595885236000}
2022/08/21 00:23:54 {"callers":["/Users/wengzhenyuan/Desktop/go_blog-service/main.go: 35 main.init.0"],"level":"error","message":"svc.DeleteArticle err: sql: converting argument $4 type: unsupported type model.Model, a struct","time":1661012634065583000}
2022/08/21 00:23:58 {"callers":["/Users/wengzhenyuan/Desktop/go_blog-service/main.go: 35 main.init.0"],"level":"error","message":"svc.DeleteArticle err: sql: converting argument $4 type: unsupported type model.Model, a struct","time":1661012638496278000}
2022/08/21 00:27:02 {"callers":["/Users/wengzhenyuan/Desktop/go_blog-service/main.go: 35 main.init.0"],"level":"info","message":"logtest: blog-service/blog-service","time":1661012822317843000}
2022/08/21 00:27:40 {"callers":["/Users/wengzhenyuan/Desktop/go_blog-service/main.go: 35 main.init.0"],"level":"error","message":"app.BindAndValid errs: TagID必須大於或等於1","time":1661012860318769000}
2022/08/21 00:27:43 {"callers":["/Users/wengzhenyuan/Desktop/go_blog-service/main.go: 35 main.init.0"],"level":"error","message":"app.BindAndValid errs: TagID必須大於或等於1","time":1661012863486234000}
2022/08/21 00:29:23 {"callers":["/Users/wengzhenyuan/Desktop/go_blog-service/main.go: 35 main.init.0"],"level":"info","message":"logtest: blog-service/blog-service","time":1661012963543817000}
